{"name": "testrole", "status": "failed", "statusDetails": {"message": "AssertionError: assert 1 == 2\n  +1\n  -2", "trace": "self = <test.testini.testA object at 0x1122b64f0>\n\n    def testrole(self):\n    \n>       assert 1==2\nE       assert 1 == 2\nE         +1\nE         -2\n\ntest/testini.py:7: AssertionError"}, "attachments": [{"name": "stdout", "source": "2ee172b3-b182-4a9f-a2a0-f9f9bf42c291-attachment.txt", "type": "text/plain"}], "start": 1618405186301, "stop": 1618405186302, "uuid": "1d96560d-8342-4595-a59d-e45aaa7a0991", "historyId": "b1b75e4c70a2c95c641b3d945fcc99da", "testCaseId": "ab70b7ab331ba4293db943202d0762ad", "fullName": "test.testini.testA#testrole", "labels": [{"name": "parentSuite", "value": "test"}, {"name": "suite", "value": "testini"}, {"name": "subSuite", "value": "testA"}, {"name": "host", "value": "avivatangdeMacBook-Pro.local"}, {"name": "thread", "value": "17954-MainThread"}, {"name": "framework", "value": "pytest"}, {"name": "language", "value": "cpython3"}, {"name": "package", "value": "test.testini"}]}