{"name": "test_settings", "status": "failed", "statusDetails": {"message": "AssertionError: assert 1 == 2\n  +1\n  -2", "trace": "def test_settings():\n        print(settings.DATABASE['host'])\n>       assert 1 == 2\nE       assert 1 == 2\nE         +1\nE         -2\n\ntest/test_demo.py:55: AssertionError"}, "attachments": [{"name": "stdout", "source": "01bb50b9-1ca7-4ed5-9882-d1c7c1a1125c-attachment.txt", "type": "text/plain"}], "start": 1618405019826, "stop": 1618405019826, "uuid": "9b7461c5-a6a8-4dff-9723-c93701491a94", "historyId": "bbb6dbbd34e78ad5e50e1d80136b5e11", "testCaseId": "d7e530b3535c5b1ff0fb025209b10447", "fullName": "test.test_demo#test_settings", "labels": [{"name": "parentSuite", "value": "test"}, {"name": "suite", "value": "test_demo"}, {"name": "host", "value": "avivatangdeMacBook-Pro.local"}, {"name": "thread", "value": "17546-MainThread"}, {"name": "framework", "value": "pytest"}, {"name": "language", "value": "cpython3"}, {"name": "package", "value": "test.test_demo"}]}