{"name": "test_secure", "status": "failed", "statusDetails": {"message": "AssertionError: assert 2 != 2", "trace": "@pytest.mark.secure\n    def test_secure():\n        print(\"secure test\")\n>       assert 2!=2\nE       assert 2 != 2\n\ntest/test_mark.py:25: AssertionError"}, "attachments": [{"name": "stdout", "source": "72dd29c0-6712-4d26-92e9-347d4126efcc-attachment.txt", "type": "text/plain"}], "start": 1618405522158, "stop": 1618405522159, "uuid": "a8b8a2b8-2e5b-40bd-bae1-495b0fa4769f", "historyId": "02c5799b51eb79bb05e5b8766edaf2c6", "testCaseId": "44201fe38198292e8496495a8062a999", "fullName": "test.test_mark#test_secure", "labels": [{"name": "tag", "value": "secure"}, {"name": "parentSuite", "value": "test"}, {"name": "suite", "value": "test_mark"}, {"name": "host", "value": "avivatangdeMacBook-Pro.local"}, {"name": "thread", "value": "18996-MainThread"}, {"name": "framework", "value": "pytest"}, {"name": "language", "value": "cpython3"}, {"name": "package", "value": "test.test_mark"}]}