{"name": "test_secure", "status": "failed", "statusDetails": {"message": "AssertionError: assert 2 != 2", "trace": "@pytest.mark.secure\n    def test_secure():\n        print(\"secure test\")\n>       assert 2!=2\nE       assert 2 != 2\n\ntest/test_mark.py:25: AssertionError"}, "attachments": [{"name": "stdout", "source": "fb7be639-5604-4227-9625-3e142a06673c-attachment.txt", "type": "text/plain"}], "start": 1618405241169, "stop": 1618405241170, "uuid": "895a2bba-01c0-417b-b207-e6a4b0c6a57e", "historyId": "02c5799b51eb79bb05e5b8766edaf2c6", "testCaseId": "44201fe38198292e8496495a8062a999", "fullName": "test.test_mark#test_secure", "labels": [{"name": "tag", "value": "secure"}, {"name": "parentSuite", "value": "test"}, {"name": "suite", "value": "test_mark"}, {"name": "host", "value": "avivatangdeMacBook-Pro.local"}, {"name": "thread", "value": "18177-MainThread"}, {"name": "framework", "value": "pytest"}, {"name": "language", "value": "cpython3"}, {"name": "package", "value": "test.test_mark"}]}