{"name": "testrole", "status": "failed", "statusDetails": {"message": "AssertionError: assert 1 == 2\n  +1\n  -2", "trace": "self = <test.testini.testA object at 0x10f0fe280>\n\n    def testrole(self):\n    \n>       assert 1==2\nE       assert 1 == 2\nE         +1\nE         -2\n\ntest/testini.py:7: AssertionError"}, "attachments": [{"name": "stdout", "source": "c894ebca-7516-48d9-9f03-f97b1d85a167-attachment.txt", "type": "text/plain"}], "start": 1618404996854, "stop": 1618404996854, "uuid": "bfc64989-85fa-46d3-8960-c9096404932f", "historyId": "b1b75e4c70a2c95c641b3d945fcc99da", "testCaseId": "ab70b7ab331ba4293db943202d0762ad", "fullName": "test.testini.testA#testrole", "labels": [{"name": "parentSuite", "value": "test"}, {"name": "suite", "value": "testini"}, {"name": "subSuite", "value": "testA"}, {"name": "host", "value": "avivatangdeMacBook-Pro.local"}, {"name": "thread", "value": "17429-MainThread"}, {"name": "framework", "value": "pytest"}, {"name": "language", "value": "cpython3"}, {"name": "package", "value": "test.testini"}]}