{"name": "testrole", "status": "failed", "statusDetails": {"message": "AssertionError: assert 1 == 2\n  +1\n  -2", "trace": "self = <test.testini.testA object at 0x11b4301f0>\n\n    def testrole(self):\n    \n>       assert 1==2\nE       assert 1 == 2\nE         +1\nE         -2\n\ntest/testini.py:7: AssertionError"}, "attachments": [{"name": "stdout", "source": "d205f60a-03eb-4858-9d92-f8007a933a6e-attachment.txt", "type": "text/plain"}], "start": 1618405288137, "stop": 1618405288137, "uuid": "05f2b60c-8a37-4183-bad0-86157bd7399b", "historyId": "b1b75e4c70a2c95c641b3d945fcc99da", "testCaseId": "ab70b7ab331ba4293db943202d0762ad", "fullName": "test.testini.testA#testrole", "labels": [{"name": "parentSuite", "value": "test"}, {"name": "suite", "value": "testini"}, {"name": "subSuite", "value": "testA"}, {"name": "host", "value": "avivatangdeMacBook-Pro.local"}, {"name": "thread", "value": "18308-MainThread"}, {"name": "framework", "value": "pytest"}, {"name": "language", "value": "cpython3"}, {"name": "package", "value": "test.testini"}]}