{"name": "testrole", "status": "failed", "statusDetails": {"message": "AssertionError: assert 1 == 2\n  +1\n  -2", "trace": "self = <test.testini.testA object at 0x10c8e4460>\n\n    def testrole(self):\n    \n>       assert 1==2\nE       assert 1 == 2\nE         +1\nE         -2\n\ntest/testini.py:7: AssertionError"}, "attachments": [{"name": "stdout", "source": "bbcae6af-37bb-444e-bc69-cc172c7c8a74-attachment.txt", "type": "text/plain"}], "start": 1618405036316, "stop": 1618405036324, "uuid": "e7d883cb-6ce5-43ad-9646-9bd99c63ea4f", "historyId": "b1b75e4c70a2c95c641b3d945fcc99da", "testCaseId": "ab70b7ab331ba4293db943202d0762ad", "fullName": "test.testini.testA#testrole", "labels": [{"name": "parentSuite", "value": "test"}, {"name": "suite", "value": "testini"}, {"name": "subSuite", "value": "testA"}, {"name": "host", "value": "avivatangdeMacBook-Pro.local"}, {"name": "thread", "value": "17614-MainThread"}, {"name": "framework", "value": "pytest"}, {"name": "language", "value": "cpython3"}, {"name": "package", "value": "test.testini"}]}