{"name": "test_settings", "status": "failed", "statusDetails": {"message": "AssertionError: assert 1 == 2\n  +1\n  -2", "trace": "def test_settings():\n        print(settings.DATABASE['host'])\n>       assert 1 == 2\nE       assert 1 == 2\nE         +1\nE         -2\n\ntest/test_demo.py:55: AssertionError"}, "attachments": [{"name": "stdout", "source": "e9437210-47cf-41c7-8844-cb37d1c7d010-attachment.txt", "type": "text/plain"}], "start": 1618405284834, "stop": 1618405284835, "uuid": "babe23d9-b5c0-4052-bc48-5b83317a0456", "historyId": "bbb6dbbd34e78ad5e50e1d80136b5e11", "testCaseId": "d7e530b3535c5b1ff0fb025209b10447", "fullName": "test.test_demo#test_settings", "labels": [{"name": "parentSuite", "value": "test"}, {"name": "suite", "value": "test_demo"}, {"name": "host", "value": "avivatangdeMacBook-Pro.local"}, {"name": "thread", "value": "18302-MainThread"}, {"name": "framework", "value": "pytest"}, {"name": "language", "value": "cpython3"}, {"name": "package", "value": "test.test_demo"}]}