{"name": "test_secure", "status": "failed", "statusDetails": {"message": "AssertionError: assert 2 != 2", "trace": "@pytest.mark.secure\n    def test_secure():\n        print(\"secure test\")\n>       assert 2!=2\nE       assert 2 != 2\n\ntest/test_mark.py:25: AssertionError"}, "attachments": [{"name": "stdout", "source": "d8692563-f09d-4e9e-8235-773c6a4ee0f8-attachment.txt", "type": "text/plain"}], "start": 1618404969520, "stop": 1618404969520, "uuid": "c544bc7f-a832-4fd3-bf0e-8f8b55f82caa", "historyId": "02c5799b51eb79bb05e5b8766edaf2c6", "testCaseId": "44201fe38198292e8496495a8062a999", "fullName": "test.test_mark#test_secure", "labels": [{"name": "tag", "value": "secure"}, {"name": "parentSuite", "value": "test"}, {"name": "suite", "value": "test_mark"}, {"name": "host", "value": "avivatangdeMacBook-Pro.local"}, {"name": "thread", "value": "17310-MainThread"}, {"name": "framework", "value": "pytest"}, {"name": "language", "value": "cpython3"}, {"name": "package", "value": "test.test_mark"}]}