{"name": "test_settings", "status": "failed", "statusDetails": {"message": "AssertionError: assert 1 == 2\n  +1\n  -2", "trace": "def test_settings():\n        print(settings.DATABASE['host'])\n>       assert 1 == 2\nE       assert 1 == 2\nE         +1\nE         -2\n\ntest/test_demo.py:55: AssertionError"}, "attachments": [{"name": "stdout", "source": "080c5a25-9fc9-4894-a251-67ce2d7321cf-attachment.txt", "type": "text/plain"}], "start": 1618405245698, "stop": 1618405245699, "uuid": "1a6a0b87-c3cb-42fd-9b81-0fae3be10f6a", "historyId": "bbb6dbbd34e78ad5e50e1d80136b5e11", "testCaseId": "d7e530b3535c5b1ff0fb025209b10447", "fullName": "test.test_demo#test_settings", "labels": [{"name": "parentSuite", "value": "test"}, {"name": "suite", "value": "test_demo"}, {"name": "host", "value": "avivatangdeMacBook-Pro.local"}, {"name": "thread", "value": "18183-MainThread"}, {"name": "framework", "value": "pytest"}, {"name": "language", "value": "cpython3"}, {"name": "package", "value": "test.test_demo"}]}