{"name": "testrole", "status": "failed", "statusDetails": {"message": "AssertionError: assert 1 == 2\n  +1\n  -2", "trace": "self = <test.testini.testA object at 0x11b5352b0>\n\n    def testrole(self):\n    \n>       assert 1==2\nE       assert 1 == 2\nE         +1\nE         -2\n\ntest/testini.py:7: AssertionError"}, "attachments": [{"name": "stdout", "source": "66bff0a1-ca78-4076-94d7-8ec5be35229c-attachment.txt", "type": "text/plain"}], "start": 1618405439280, "stop": 1618405439281, "uuid": "fc6e18d5-37d8-4d84-a234-f5a4d3dcfa08", "historyId": "b1b75e4c70a2c95c641b3d945fcc99da", "testCaseId": "ab70b7ab331ba4293db943202d0762ad", "fullName": "test.testini.testA#testrole", "labels": [{"name": "parentSuite", "value": "test"}, {"name": "suite", "value": "testini"}, {"name": "subSuite", "value": "testA"}, {"name": "host", "value": "avivatangdeMacBook-Pro.local"}, {"name": "thread", "value": "18744-MainThread"}, {"name": "framework", "value": "pytest"}, {"name": "language", "value": "cpython3"}, {"name": "package", "value": "test.testini"}]}